Using pre-set license
Built from '2022.2/release' branch; Version is '2022.2.1f1 (4fead5835099) revision 5237461'; Using compiler version '192829333'; Build Type 'Release'
OS: 'Windows 10  (10.0.19045) 64bit Core' Language: 'cs' Physical Memory: 16318 MB
BatchMode: 1, IsHumanControllingUs: 0, StartBugReporterOnCrash: 0, Is64bit: 1, IsPro: 1

COMMAND LINE ARGUMENTS:
D:\Program Files\Unity\Hub\Editor\2022.2.1f1\Editor\Unity.exe
-adb2
-batchMode
-noUpm
-name
AssetImportWorker0
-projectPath
D:/Users/42073/Unity/Piratesoftware - 2024 July Gamejam
-logFile
Logs/AssetImportWorker0.log
-srvPort
49630
Successfully changed project path to: D:/Users/42073/Unity/Piratesoftware - 2024 July Gamejam
D:/Users/42073/Unity/Piratesoftware - 2024 July Gamejam
[UnityMemory] Configuration Parameters - Can be set up in boot.config
    "memorysetup-bucket-allocator-granularity=16"
    "memorysetup-bucket-allocator-bucket-count=8"
    "memorysetup-bucket-allocator-block-size=33554432"
    "memorysetup-bucket-allocator-block-count=8"
    "memorysetup-main-allocator-block-size=16777216"
    "memorysetup-thread-allocator-block-size=16777216"
    "memorysetup-gfx-main-allocator-block-size=16777216"
    "memorysetup-gfx-thread-allocator-block-size=16777216"
    "memorysetup-cache-allocator-block-size=4194304"
    "memorysetup-typetree-allocator-block-size=2097152"
    "memorysetup-profiler-bucket-allocator-granularity=16"
    "memorysetup-profiler-bucket-allocator-bucket-count=8"
    "memorysetup-profiler-bucket-allocator-block-size=33554432"
    "memorysetup-profiler-bucket-allocator-block-count=8"
    "memorysetup-profiler-allocator-block-size=16777216"
    "memorysetup-profiler-editor-allocator-block-size=1048576"
    "memorysetup-temp-allocator-size-main=16777216"
    "memorysetup-job-temp-allocator-block-size=2097152"
    "memorysetup-job-temp-allocator-block-size-background=1048576"
    "memorysetup-job-temp-allocator-reduction-small-platforms=262144"
    "memorysetup-temp-allocator-size-background-worker=32768"
    "memorysetup-temp-allocator-size-job-worker=262144"
    "memorysetup-temp-allocator-size-preload-manager=33554432"
    "memorysetup-temp-allocator-size-nav-mesh-worker=65536"
    "memorysetup-temp-allocator-size-audio-worker=65536"
    "memorysetup-temp-allocator-size-cloud-worker=32768"
    "memorysetup-temp-allocator-size-gi-baking-worker=262144"
    "memorysetup-temp-allocator-size-gfx=262144"
Player connection [6400] Host "[IP] 192.168.0.116 [Port] 0 [Flags] 2 [Guid] 1861700996 [EditorId] 1861700996 [Version] 1048832 [Id] WindowsEditor(7,WIN-RV4Q4VVN68T) [Debug] 1 [PackageName] WindowsEditor [ProjectName] Editor" joined multi-casting on [225.0.0.222:54997]...

Player connection [6400] Host "[IP] 192.168.0.116 [Port] 0 [Flags] 2 [Guid] 1861700996 [EditorId] 1861700996 [Version] 1048832 [Id] WindowsEditor(7,WIN-RV4Q4VVN68T) [Debug] 1 [PackageName] WindowsEditor [ProjectName] Editor" joined alternative multi-casting on [225.0.0.222:34997]...

Refreshing native plugins compatible for Editor in 21.08 ms, found 3 plugins.
Preloading 0 native plugins for Editor in 0.00 ms.
Initialize engine version: 2022.2.1f1 (4fead5835099)
[Subsystems] Discovering subsystems at path D:/Program Files/Unity/Hub/Editor/2022.2.1f1/Editor/Data/Resources/UnitySubsystems
[Subsystems] Discovering subsystems at path D:/Users/42073/Unity/Piratesoftware - 2024 July Gamejam/Assets
GfxDevice: creating device client; threaded=0; jobified=0
Direct3D:
    Version:  Direct3D 11.0 [level 11.1]
    Renderer: NVIDIA GeForce GTX 1050 Ti (ID=0x1c82)
    Vendor:   NVIDIA
    VRAM:     4004 MB
    Driver:   32.0.15.6070
Initialize mono
Mono path[0] = 'D:/Program Files/Unity/Hub/Editor/2022.2.1f1/Editor/Data/Managed'
Mono path[1] = 'D:/Program Files/Unity/Hub/Editor/2022.2.1f1/Editor/Data/MonoBleedingEdge/lib/mono/unityjit-win32'
Mono config path = 'D:/Program Files/Unity/Hub/Editor/2022.2.1f1/Editor/Data/MonoBleedingEdge/etc'
Using monoOptions --debugger-agent=transport=dt_socket,embedding=1,server=y,suspend=n,address=127.0.0.1:56204
Begin MonoManager ReloadAssembly
Registering precompiled unity dll's ...
Register platform support module: D:/Program Files/Unity/Hub/Editor/2022.2.1f1/Editor/Data/PlaybackEngines/WebGLSupport/UnityEditor.WebGL.Extensions.dll
Register platform support module: D:/Program Files/Unity/Hub/Editor/2022.2.1f1/Editor/Data/PlaybackEngines/AndroidPlayer/UnityEditor.Android.Extensions.dll
Register platform support module: D:/Program Files/Unity/Hub/Editor/2022.2.1f1/Editor/Data/PlaybackEngines/WindowsStandaloneSupport/UnityEditor.WindowsStandalone.Extensions.dll
Registered in 0.013150 seconds.
- Loaded All Assemblies, in  0.519 seconds
Native extension for WindowsStandalone target not found
Native extension for Android target not found
Android Extension - Scanning For ADB Devices 408 ms
Native extension for WebGL target not found
Mono: successfully reloaded assembly
- Finished resetting the current domain, in  0.798 seconds
Domain Reload Profiling:
	ReloadAssembly (306ms)
		BeginReloadAssembly (156ms)
			ExecutionOrderSort (0ms)
			DisableScriptedObjects (0ms)
			BackupInstance (0ms)
			ReleaseScriptingObjects (0ms)
			CreateAndSetChildDomain (1ms)
		LoadAllAssembliesAndSetupDomain (0ms)
			LoadAssemblies (159ms)
			RebuildTransferFunctionScriptingTraits (0ms)
			SetupTypeCache (204ms)
				TypeCache.Initialize (203ms)
					TypeCache.ScanAssembly (201ms)
				ResolveRequiredComponents (1ms)
		FinalizeReload (0ms)
			ReleaseScriptCaches (0ms)
			RebuildScriptCaches (0ms)
			SetupLoadedEditorAssemblies (719ms)
				LogAssemblyErrors (0ms)
				InitializePlatformSupportModulesInManaged (511ms)
				SetLoadedEditorAssemblies (5ms)
				RefreshPlugins (0ms)
				BeforeProcessingInitializeOnLoad (2ms)
				ProcessInitializeOnLoadAttributes (140ms)
				ProcessInitializeOnLoadMethodAttributes (60ms)
				AfterProcessingInitializeOnLoad (0ms)
				EditorAssembliesLoaded (0ms)
			ExecutionOrderSort2 (0ms)
			AwakeInstancesAfterBackupRestoration (0ms)
========================================================================
Worker process is ready to serve import requests
Begin MonoManager ReloadAssembly
- Loaded All Assemblies, in  1.215 seconds
Refreshing native plugins compatible for Editor in 7.02 ms, found 3 plugins.
Native extension for WindowsStandalone target not found
Native extension for Android target not found
Native extension for WebGL target not found
Mono: successfully reloaded assembly
- Finished resetting the current domain, in  0.784 seconds
Domain Reload Profiling:
	ReloadAssembly (342ms)
		BeginReloadAssembly (186ms)
			ExecutionOrderSort (0ms)
			DisableScriptedObjects (6ms)
			BackupInstance (0ms)
			ReleaseScriptingObjects (0ms)
			CreateAndSetChildDomain (25ms)
		LoadAllAssembliesAndSetupDomain (872ms)
			LoadAssemblies (185ms)
			RebuildTransferFunctionScriptingTraits (0ms)
			SetupTypeCache (795ms)
				TypeCache.Initialize (374ms)
					TypeCache.ScanAssembly (369ms)
				ResolveRequiredComponents (13ms)
		FinalizeReload (0ms)
			ReleaseScriptCaches (0ms)
			RebuildScriptCaches (0ms)
			SetupLoadedEditorAssemblies (564ms)
				LogAssemblyErrors (0ms)
				InitializePlatformSupportModulesInManaged (23ms)
				SetLoadedEditorAssemblies (9ms)
				RefreshPlugins (0ms)
				BeforeProcessingInitializeOnLoad (78ms)
				ProcessInitializeOnLoadAttributes (341ms)
				ProcessInitializeOnLoadMethodAttributes (109ms)
				AfterProcessingInitializeOnLoad (4ms)
				EditorAssembliesLoaded (0ms)
			ExecutionOrderSort2 (0ms)
			AwakeInstancesAfterBackupRestoration (9ms)
Launched and connected shader compiler UnityShaderCompiler.exe after 0.56 seconds
Refreshing native plugins compatible for Editor in 5.22 ms, found 3 plugins.
Preloading 0 native plugins for Editor in 0.00 ms.
Unloading 4444 Unused Serialized files (Serialized files now loaded: 0)
Unloading 49 unused Assets / (212.9 KB). Loaded Objects now: 4924.
Memory consumption went from 0.71 GB to 0.71 GB.
Total: 4.240200 ms (FindLiveObjects: 0.434200 ms CreateObjectMapping: 0.531900 ms MarkObjects: 3.155800 ms  DeleteObjects: 0.116900 ms)

AssetImportParameters requested are different than current active one (requested -> active):
  custom:container-demuxer-ogg: 62fdf1f143b41e24485cea50d1cbac27 -> 
  custom:video-decoder-ogg-theora: a1e56fd34408186e4bbccfd4996cb3dc -> 
  custom:framework-win-MediaFoundation: 216162199b28c13a410421893ffa2e32 -> 
  custom:container-demuxer-webm: 4f35f7cbe854078d1ac9338744f61a02 -> 
  custom:container-muxer-webm: aa71ff27fc2769a1b78a27578f13a17b -> 
  custom:video-decoder-webm-vp8: 9c59270c3fd7afecdb556c50c9e8de78 -> 
  custom:AudioImporter_EditorPlatform: d09bf68614088b80899f8185d706f6e7 -> 
  custom:video-encoder-webm-vp8: eb34c28f22e8b96e1ab97ce403110664 -> 
  custom:audio-decoder-ogg-vorbis: bf7c407c2cedff20999df2af8eb42d56 -> 
  custom:audio-encoder-webm-vorbis: bf7c407c2cedff20999df2af8eb42d56 -> 
========================================================================
Received Import Request.
  Time since last request: 32239.925276 seconds.
  path: Assets/Images/Dev/alchemical_bench.aseprite
  artifactKey: Guid(3c85f58f7399b664086329a155b5c2d5) Importer(815301076,1909f56bfc062723c751e8b465ee728b)
Number of updated assets reloaded before import = 0
Start importing Assets/Images/Dev/alchemical_bench.aseprite using Guid(3c85f58f7399b664086329a155b5c2d5) Importer(815301076,1909f56bfc062723c751e8b465ee728b)  -> (artifact id: '8504d7c187d5d43767862994feac608f') in 0.074778 seconds 
Number of asset objects unloaded after import = 1
========================================================================
Received Import Request.
  Time since last request: 3.016938 seconds.
  path: Assets/Images/Dev/alchemical_bench 1.aseprite
  artifactKey: Guid(e5a06eee8d032104a835dc84300b3fc8) Importer(815301076,1909f56bfc062723c751e8b465ee728b)
Number of updated assets reloaded before import = 0
Start importing Assets/Images/Dev/alchemical_bench 1.aseprite using Guid(e5a06eee8d032104a835dc84300b3fc8) Importer(815301076,1909f56bfc062723c751e8b465ee728b)  -> (artifact id: 'bfb7bd0cd62ed6e8c13654e18da5104c') in 0.003130 seconds 
Number of asset objects unloaded after import = 1
========================================================================
Received Import Request.
  Time since last request: 3.783561 seconds.
  path: Assets/Images/Dev/_ase
  artifactKey: Guid(dfeccd1c94482dc40977aea94afbff3b) Importer(815301076,1909f56bfc062723c751e8b465ee728b)
Number of updated assets reloaded before import = 0
Start importing Assets/Images/Dev/_ase using Guid(dfeccd1c94482dc40977aea94afbff3b) Importer(815301076,1909f56bfc062723c751e8b465ee728b)  -> (artifact id: '64fb7f365a9e4b4509184647718ae59a') in 0.002909 seconds 
Number of asset objects unloaded after import = 0
========================================================================
Received Import Request.
  Time since last request: 3.095477 seconds.
  path: Assets/Images/Dev/intro_cipher.aseprite
  artifactKey: Guid(b05e6d052cbb6de4aa7736cad3fe704c) Importer(815301076,1909f56bfc062723c751e8b465ee728b)
Number of updated assets reloaded before import = 0
Start importing Assets/Images/Dev/intro_cipher.aseprite using Guid(b05e6d052cbb6de4aa7736cad3fe704c) Importer(815301076,1909f56bfc062723c751e8b465ee728b)  -> (artifact id: 'e2a8501608809e57e6fc0a43be7b7510') in 0.003658 seconds 
Number of asset objects unloaded after import = 1
========================================================================
Received Import Request.
  Time since last request: 2.462994 seconds.
  path: Assets/Images/Dev/vial.aseprite
  artifactKey: Guid(f5794a72e25aecb4a9a2bf15d3c56baa) Importer(815301076,1909f56bfc062723c751e8b465ee728b)
Number of updated assets reloaded before import = 0
Start importing Assets/Images/Dev/vial.aseprite using Guid(f5794a72e25aecb4a9a2bf15d3c56baa) Importer(815301076,1909f56bfc062723c751e8b465ee728b)  -> (artifact id: '6cce603188dac92b7b75f5ef1da6b2b9') in 0.003285 seconds 
Number of asset objects unloaded after import = 1
========================================================================
Received Import Request.
  Time since last request: 0.685592 seconds.
  path: Assets/Images/Dev/intro_cipher 1.aseprite
  artifactKey: Guid(28e1ce4836ad207458e9c77b59481548) Importer(815301076,1909f56bfc062723c751e8b465ee728b)
Number of updated assets reloaded before import = 0
Start importing Assets/Images/Dev/intro_cipher 1.aseprite using Guid(28e1ce4836ad207458e9c77b59481548) Importer(815301076,1909f56bfc062723c751e8b465ee728b)  -> (artifact id: '6c415b4d5360a982ca5dff984d6c5687') in 0.003474 seconds 
Number of asset objects unloaded after import = 1
========================================================================
Received Import Request.
  Time since last request: 27.662010 seconds.
  path: Assets/Images/Dev/lexica_alchemica.aseprite
  artifactKey: Guid(ac5a720346adddf408b90c3080d2df4e) Importer(815301076,1909f56bfc062723c751e8b465ee728b)
Number of updated assets reloaded before import = 0
Start importing Assets/Images/Dev/lexica_alchemica.aseprite using Guid(ac5a720346adddf408b90c3080d2df4e) Importer(815301076,1909f56bfc062723c751e8b465ee728b)  -> (artifact id: 'f8763d0f84cf8a6aa25e10a5a6605632') in 0.003977 seconds 
Number of asset objects unloaded after import = 1
========================================================================
Received Import Request.
  Time since last request: 14.160286 seconds.
  path: Assets/Images/Dev/pedestal.aseprite
  artifactKey: Guid(a0ff60ae1fe78504d89294a2d07cb4eb) Importer(815301076,1909f56bfc062723c751e8b465ee728b)
Number of updated assets reloaded before import = 0
Start importing Assets/Images/Dev/pedestal.aseprite using Guid(a0ff60ae1fe78504d89294a2d07cb4eb) Importer(815301076,1909f56bfc062723c751e8b465ee728b)  -> (artifact id: '7cb82944d853fb5ecb3726fd62bac098') in 0.003244 seconds 
Number of asset objects unloaded after import = 1
========================================================================
Received Import Request.
  Time since last request: 2.595375 seconds.
  path: Assets/Images/Dev/symbol_list.aseprite
  artifactKey: Guid(091c439a0e392974f89f6244d06c3d58) Importer(815301076,1909f56bfc062723c751e8b465ee728b)
Number of updated assets reloaded before import = 0
Start importing Assets/Images/Dev/symbol_list.aseprite using Guid(091c439a0e392974f89f6244d06c3d58) Importer(815301076,1909f56bfc062723c751e8b465ee728b)  -> (artifact id: '0f133664a54290660a2210b85d6ccf27') in 0.003453 seconds 
Number of asset objects unloaded after import = 1
========================================================================
Received Import Request.
  Time since last request: 0.289438 seconds.
  path: Assets/Images/Dev/title_mockup.aseprite
  artifactKey: Guid(53c6fe2bd6e15f947b899103bb57a9eb) Importer(815301076,1909f56bfc062723c751e8b465ee728b)
Number of updated assets reloaded before import = 0
Start importing Assets/Images/Dev/title_mockup.aseprite using Guid(53c6fe2bd6e15f947b899103bb57a9eb) Importer(815301076,1909f56bfc062723c751e8b465ee728b)  -> (artifact id: 'e7bc19f5ce455acbc9b6e6fc674e5fff') in 0.003172 seconds 
Number of asset objects unloaded after import = 1
========================================================================
Received Import Request.
  Time since last request: 1.368609 seconds.
  path: Assets/Images/Dev/calcium_cipher.aseprite
  artifactKey: Guid(547f12969ca14c2489227159315c22e4) Importer(815301076,1909f56bfc062723c751e8b465ee728b)
Number of updated assets reloaded before import = 0
Start importing Assets/Images/Dev/calcium_cipher.aseprite using Guid(547f12969ca14c2489227159315c22e4) Importer(815301076,1909f56bfc062723c751e8b465ee728b)  -> (artifact id: '9fd51dfa7ec0b1235dfd6c9f282d014a') in 0.003381 seconds 
Number of asset objects unloaded after import = 1
========================================================================
Received Import Request.
  Time since last request: 0.375222 seconds.
  path: Assets/Images/Dev/candle.aseprite
  artifactKey: Guid(9f544865e2442cb40a9ac4419d04826f) Importer(815301076,1909f56bfc062723c751e8b465ee728b)
Number of updated assets reloaded before import = 0
Start importing Assets/Images/Dev/candle.aseprite using Guid(9f544865e2442cb40a9ac4419d04826f) Importer(815301076,1909f56bfc062723c751e8b465ee728b)  -> (artifact id: '3de5bdfc22214571017a50634952180e') in 0.036813 seconds 
Number of asset objects unloaded after import = 1
========================================================================
Received Import Request.
  Time since last request: 18.348086 seconds.
  path: Assets/Images/Dev/_ase/intro_cipher 2.aseprite
  artifactKey: Guid(2b8761d221dfd5946bc062e2321522b4) Importer(815301076,1909f56bfc062723c751e8b465ee728b)
Number of updated assets reloaded before import = 0
Start importing Assets/Images/Dev/_ase/intro_cipher 2.aseprite using Guid(2b8761d221dfd5946bc062e2321522b4) Importer(815301076,1909f56bfc062723c751e8b465ee728b)  -> (artifact id: '68bd31c5eb19091da2732fb1ab6051d6') in 0.004375 seconds 
Number of asset objects unloaded after import = 1
========================================================================
Received Import Request.
  Time since last request: 5.459415 seconds.
  path: Assets/Images/Dev/_ase/lexica_alchemica_ui.aseprite
  artifactKey: Guid(f0f12871869e23b44b2901c2c192bfe4) Importer(815301076,1909f56bfc062723c751e8b465ee728b)
Number of updated assets reloaded before import = 0
Start importing Assets/Images/Dev/_ase/lexica_alchemica_ui.aseprite using Guid(f0f12871869e23b44b2901c2c192bfe4) Importer(815301076,1909f56bfc062723c751e8b465ee728b)  -> (artifact id: '8e8ffac48e89e1e4af5257ad093ddae8') in 0.003645 seconds 
Number of asset objects unloaded after import = 1
========================================================================
Received Import Request.
  Time since last request: 9.417457 seconds.
  path: Assets/Images/Dev/_ase/vial_insides.aseprite
  artifactKey: Guid(fba05f5392afc0143ae591dfd1949ccf) Importer(815301076,1909f56bfc062723c751e8b465ee728b)
Number of updated assets reloaded before import = 0
Start importing Assets/Images/Dev/_ase/vial_insides.aseprite using Guid(fba05f5392afc0143ae591dfd1949ccf) Importer(815301076,1909f56bfc062723c751e8b465ee728b)  -> (artifact id: '3b771bb34795f374085ba940b3b55588') in 0.003469 seconds 
Number of asset objects unloaded after import = 1
